# JRE version: OpenJDK Runtime Environment Temurin-21.0.2+13 (21.0.2+13) (build 21.0.2+13-LTS)
# Java VM: OpenJDK 64-Bit Server VM Temurin-21.0.2+13 (21.0.2+13-LTS, mixed mode, sharing, tiered, compressed oops, compressed class ptrs, g1 gc, windows-amd64)
GC Precious Log:
 CardTable entry size: 512
 Card Set container configuration: InlinePtr #cards 5 size 8 Array Of Cards #cards 12 size 40 Howl #buckets 4 coarsen threshold 1843 Howl Bitmap #cards 512 size 80 coarsen threshold 460 Card regions per heap region 1 cards per card region 2048
 CPUs: 2 total, 2 available
 Memory: 3959M
 Large Page Support: Disabled
 NUMA Support: Disabled
 Compressed Oops: Enabled (32-bit)
 Heap Region Size: 1M
 Heap Min Capacity: 8M
 Heap Initial Capacity: 62M
 Heap Max Capacity: 990M
 Pre-touch: Disabled
 Parallel Workers: 2
 Concurrent Workers: 1
 Concurrent Refinement Workers: 2
 Periodic GC: Disabled
Heap:
 garbage-first heap   total 63488K, used 22173K [0x00000000c2200000, 0x0000000100000000)
  region size 1024K, 21 young (21504K), 5 survivors (5120K)
 Metaspace       used 14756K, committed 14976K, reserved 1114112K
  class space    used 2062K, committed 2176K, reserved 1048576K
GC Heap History (8 events):
Event: 0.890 GC heap before
{Heap before GC invocations=0 (full 0):
 garbage-first heap   total 63488K, used 5120K [0x00000000c2200000, 0x0000000100000000)
  region size 1024K, 6 young (6144K), 0 survivors (0K)
 Metaspace       used 432K, committed 640K, reserved 1114112K
  class space    used 18K, committed 128K, reserved 1048576K
}
Event: 0.894 GC heap after
{Heap after GC invocations=1 (full 0):
 garbage-first heap   total 63488K, used 712K [0x00000000c2200000, 0x0000000100000000)
  region size 1024K, 1 young (1024K), 1 survivors (1024K)
 Metaspace       used 432K, committed 640K, reserved 1114112K
  class space    used 18K, committed 128K, reserved 1048576K
}
Event: 2.031 GC heap before
{Heap before GC invocations=1 (full 0):
 garbage-first heap   total 63488K, used 6856K [0x00000000c2200000, 0x0000000100000000)
  region size 1024K, 8 young (8192K), 1 survivors (1024K)
 Metaspace       used 1863K, committed 2048K, reserved 1114112K
  class space    used 188K, committed 256K, reserved 1048576K
}
Event: 2.036 GC heap after
{Heap after GC invocations=2 (full 0):
 garbage-first heap   total 63488K, used 1646K [0x00000000c2200000, 0x0000000100000000)
  region size 1024K, 1 young (1024K), 1 survivors (1024K)
 Metaspace       used 1863K, committed 2048K, reserved 1114112K
  class space    used 188K, committed 256K, reserved 1048576K
}
Event: 2.611 GC heap before
{Heap before GC invocations=2 (full 0):
 garbage-first heap   total 63488K, used 11886K [0x00000000c2200000, 0x0000000100000000)
  region size 1024K, 12 young (12288K), 1 survivors (1024K)
 Metaspace       used 4728K, committed 4864K, reserved 1114112K
  class space    used 580K, committed 640K, reserved 1048576K
}
Event: 2.619 GC heap after
{Heap after GC invocations=3 (full 0):
 garbage-first heap   total 63488K, used 2717K [0x00000000c2200000, 0x0000000100000000)
  region size 1024K, 2 young (2048K), 2 survivors (2048K)
 Metaspace       used 4728K, committed 4864K, reserved 1114112K
  class space    used 580K, committed 640K, reserved 1048576K
}
Event: 4.921 GC heap before
{Heap before GC invocations=3 (full 0):
 garbage-first heap   total 63488K, used 39581K [0x00000000c2200000, 0x0000000100000000)
  region size 1024K, 37 young (37888K), 2 survivors (2048K)
 Metaspace       used 12005K, committed 12288K, reserved 1114112K
  class space    used 1835K, committed 1984K, reserved 1048576K
}
Event: 4.936 GC heap after
{Heap after GC invocations=4 (full 0):
 garbage-first heap   total 63488K, used 7837K [0x00000000c2200000, 0x0000000100000000)
  region size 1024K, 5 young (5120K), 5 survivors (5120K)
 Metaspace       used 12005K, committed 12288K, reserved 1114112K
  class space    used 1835K, committed 1984K, reserved 1048576K
}

